# JRE version: Java(TM) SE Runtime Environment (8.0_192-b12) (build 1.8.0_192-b12)
# Java VM: Java HotSpot(TM) 64-Bit Server VM (25.192-b12 mixed mode windows-amd64 compressed oops)
Heap:
 PSYoungGen      total 62464K, used 32188K [0x00000000d5c00000, 0x00000000da700000, 0x0000000100000000)
  eden space 57344K, 47% used [0x00000000d5c00000,0x00000000d7675758,0x00000000d9400000)
  from space 5120K, 99% used [0x00000000da200000,0x00000000da6f9ae8,0x00000000da700000)
  to   space 5120K, 0% used [0x00000000d9d00000,0x00000000d9d00000,0x00000000da200000)
 ParOldGen       total 64512K, used 12820K [0x0000000081400000, 0x0000000085300000, 0x00000000d5c00000)
  object space 64512K, 19% used [0x0000000081400000,0x00000000820850f8,0x0000000085300000)
 Metaspace       used 32083K, capacity 33394K, committed 33664K, reserved 1079296K
  class space    used 4442K, capacity 4688K, committed 4736K, reserved 1048576K
GC Heap History (10 events):
Event: 1.694 GC heap before
{Heap before GC invocations=1 (full 0):
 PSYoungGen      total 38400K, used 33280K [0x00000000d5c00000, 0x00000000d8680000, 0x0000000100000000)
  eden space 33280K, 100% used [0x00000000d5c00000,0x00000000d7c80000,0x00000000d7c80000)
  from space 5120K, 0% used [0x00000000d8180000,0x00000000d8180000,0x00000000d8680000)
  to   space 5120K, 0% used [0x00000000d7c80000,0x00000000d7c80000,0x00000000d8180000)
 ParOldGen       total 87552K, used 0K [0x0000000081400000, 0x0000000086980000, 0x00000000d5c00000)
  object space 87552K, 0% used [0x0000000081400000,0x0000000081400000,0x0000000086980000)
 Metaspace       used 14498K, capacity 14970K, committed 15232K, reserved 1062912K
  class space    used 1969K, capacity 2109K, committed 2176K, reserved 1048576K
Event: 1.702 GC heap after
Heap after GC invocations=1 (full 0):
 PSYoungGen      total 38400K, used 5114K [0x00000000d5c00000, 0x00000000d8680000, 0x0000000100000000)
  eden space 33280K, 0% used [0x00000000d5c00000,0x00000000d5c00000,0x00000000d7c80000)
  from space 5120K, 99% used [0x00000000d7c80000,0x00000000d817ea80,0x00000000d8180000)
  to   space 5120K, 0% used [0x00000000d8180000,0x00000000d8180000,0x00000000d8680000)
 ParOldGen       total 87552K, used 3304K [0x0000000081400000, 0x0000000086980000, 0x00000000d5c00000)
  object space 87552K, 3% used [0x0000000081400000,0x000000008173a350,0x0000000086980000)
 Metaspace       used 14498K, capacity 14970K, committed 15232K, reserved 1062912K
  class space    used 1969K, capacity 2109K, committed 2176K, reserved 1048576K
}
Event: 10.423 GC heap before
{Heap before GC invocations=2 (full 0):
 PSYoungGen      total 38400K, used 38394K [0x00000000d5c00000, 0x00000000d8680000, 0x0000000100000000)
  eden space 33280K, 100% used [0x00000000d5c00000,0x00000000d7c80000,0x00000000d7c80000)
  from space 5120K, 99% used [0x00000000d7c80000,0x00000000d817ea80,0x00000000d8180000)
  to   space 5120K, 0% used [0x00000000d8180000,0x00000000d8180000,0x00000000d8680000)
 ParOldGen       total 87552K, used 3304K [0x0000000081400000, 0x0000000086980000, 0x00000000d5c00000)
  object space 87552K, 3% used [0x0000000081400000,0x000000008173a350,0x0000000086980000)
 Metaspace       used 17842K, capacity 18578K, committed 18816K, reserved 1064960K
  class space    used 2474K, capacity 2662K, committed 2688K, reserved 1048576K
Event: 10.430 GC heap after
Heap after GC invocations=2 (full 0):
 PSYoungGen      total 38400K, used 5103K [0x00000000d5c00000, 0x00000000d8680000, 0x0000000100000000)
  eden space 33280K, 0% used [0x00000000d5c00000,0x00000000d5c00000,0x00000000d7c80000)
  from space 5120K, 99% used [0x00000000d8180000,0x00000000d867bf50,0x00000000d8680000)
  to   space 5120K, 0% used [0x00000000d7c80000,0x00000000d7c80000,0x00000000d8180000)
 ParOldGen       total 87552K, used 11607K [0x0000000081400000, 0x0000000086980000, 0x00000000d5c00000)
  object space 87552K, 13% used [0x0000000081400000,0x0000000081f55eb0,0x0000000086980000)
 Metaspace       used 17842K, capacity 18578K, committed 18816K, reserved 1064960K
  class space    used 2474K, capacity 2662K, committed 2688K, reserved 1048576K
}
Event: 10.628 GC heap before
{Heap before GC invocations=3 (full 0):
 PSYoungGen      total 38400K, used 13877K [0x00000000d5c00000, 0x00000000d8680000, 0x0000000100000000)
  eden space 33280K, 26% used [0x00000000d5c00000,0x00000000d64914f8,0x00000000d7c80000)
  from space 5120K, 99% used [0x00000000d8180000,0x00000000d867bf50,0x00000000d8680000)
  to   space 5120K, 0% used [0x00000000d7c80000,0x00000000d7c80000,0x00000000d8180000)
 ParOldGen       total 87552K, used 11607K [0x0000000081400000, 0x0000000086980000, 0x00000000d5c00000)
  object space 87552K, 13% used [0x0000000081400000,0x0000000081f55eb0,0x0000000086980000)
 Metaspace       used 20550K, capacity 21202K, committed 21248K, reserved 1067008K
  class space    used 2873K, capacity 3046K, committed 3072K, reserved 1048576K
Event: 10.635 GC heap after
Heap after GC invocations=3 (full 0):
 PSYoungGen      total 38400K, used 5119K [0x00000000d5c00000, 0x00000000da700000, 0x0000000100000000)
  eden space 33280K, 0% used [0x00000000d5c00000,0x00000000d5c00000,0x00000000d7c80000)
  from space 5120K, 99% used [0x00000000d7c80000,0x00000000d817ff40,0x00000000d8180000)
  to   space 5120K, 0% used [0x00000000da200000,0x00000000da200000,0x00000000da700000)
 ParOldGen       total 87552K, used 13433K [0x0000000081400000, 0x0000000086980000, 0x00000000d5c00000)
  object space 87552K, 15% used [0x0000000081400000,0x000000008211e4d0,0x0000000086980000)
 Metaspace       used 20550K, capacity 21202K, committed 21248K, reserved 1067008K
  class space    used 2873K, capacity 3046K, committed 3072K, reserved 1048576K
}
Event: 10.635 GC heap before
{Heap before GC invocations=4 (full 1):
 PSYoungGen      total 38400K, used 5119K [0x00000000d5c00000, 0x00000000da700000, 0x0000000100000000)
  eden space 33280K, 0% used [0x00000000d5c00000,0x00000000d5c00000,0x00000000d7c80000)
  from space 5120K, 99% used [0x00000000d7c80000,0x00000000d817ff40,0x00000000d8180000)
  to   space 5120K, 0% used [0x00000000da200000,0x00000000da200000,0x00000000da700000)
 ParOldGen       total 87552K, used 13433K [0x0000000081400000, 0x0000000086980000, 0x00000000d5c00000)
  object space 87552K, 15% used [0x0000000081400000,0x000000008211e4d0,0x0000000086980000)
 Metaspace       used 20550K, capacity 21202K, committed 21248K, reserved 1067008K
  class space    used 2873K, capacity 3046K, committed 3072K, reserved 1048576K
Event: 10.678 GC heap after
Heap after GC invocations=4 (full 1):
 PSYoungGen      total 38400K, used 0K [0x00000000d5c00000, 0x00000000da700000, 0x0000000100000000)
  eden space 33280K, 0% used [0x00000000d5c00000,0x00000000d5c00000,0x00000000d7c80000)
  from space 5120K, 0% used [0x00000000d7c80000,0x00000000d7c80000,0x00000000d8180000)
  to   space 5120K, 0% used [0x00000000da200000,0x00000000da200000,0x00000000da700000)
 ParOldGen       total 64512K, used 11896K [0x0000000081400000, 0x0000000085300000, 0x00000000d5c00000)
  object space 64512K, 18% used [0x0000000081400000,0x0000000081f9e2c8,0x0000000085300000)
 Metaspace       used 20550K, capacity 21202K, committed 21248K, reserved 1067008K
  class space    used 2873K, capacity 3046K, committed 3072K, reserved 1048576K
}
Event: 11.506 GC heap before
{Heap before GC invocations=5 (full 1):
 PSYoungGen      total 38400K, used 33280K [0x00000000d5c00000, 0x00000000da700000, 0x0000000100000000)
  eden space 33280K, 100% used [0x00000000d5c00000,0x00000000d7c80000,0x00000000d7c80000)
  from space 5120K, 0% used [0x00000000d7c80000,0x00000000d7c80000,0x00000000d8180000)
  to   space 5120K, 0% used [0x00000000da200000,0x00000000da200000,0x00000000da700000)
 ParOldGen       total 64512K, used 11896K [0x0000000081400000, 0x0000000085300000, 0x00000000d5c00000)
  object space 64512K, 18% used [0x0000000081400000,0x0000000081f9e2c8,0x0000000085300000)
 Metaspace       used 27100K, capacity 27802K, committed 28032K, reserved 1073152K
  class space    used 3689K, capacity 3880K, committed 3968K, reserved 1048576K
Event: 11.512 GC heap after
Heap after GC invocations=5 (full 1):
 PSYoungGen      total 62464K, used 5094K [0x00000000d5c00000, 0x00000000da700000, 0x0000000100000000)
  eden space 57344K, 0% used [0x00000000d5c00000,0x00000000d5c00000,0x00000000d9400000)
  from space 5120K, 99% used [0x00000000da200000,0x00000000da6f9ae8,0x00000000da700000)
  to   space 5120K, 0% used [0x00000000d9d00000,0x00000000d9d00000,0x00000000da200000)
 ParOldGen       total 64512K, used 12820K [0x0000000081400000, 0x0000000085300000, 0x00000000d5c00000)
  object space 64512K, 19% used [0x0000000081400000,0x00000000820850f8,0x0000000085300000)
 Metaspace       used 27100K, capacity 27802K, committed 28032K, reserved 1073152K
  class space    used 3689K, capacity 3880K, committed 3968K, reserved 1048576K
}

