# JRE version: Java(TM) SE Runtime Environment (8.0_192-b12) (build 1.8.0_192-b12)
# Java VM: Java HotSpot(TM) 64-Bit Server VM (25.192-b12 mixed mode windows-amd64 compressed oops)
Heap:
 PSYoungGen      total 61440K, used 30491K [0x00000000d5c00000, 0x00000000da700000, 0x0000000100000000)
  eden space 56320K, 45% used [0x00000000d5c00000,0x00000000d74cc508,0x00000000d9300000)
  from space 5120K, 99% used [0x00000000da200000,0x00000000da6fa810,0x00000000da700000)
  to   space 5120K, 0% used [0x00000000d9d00000,0x00000000d9d00000,0x00000000da200000)
 ParOldGen       total 65536K, used 13740K [0x0000000081400000, 0x0000000085400000, 0x00000000d5c00000)
  object space 65536K, 20% used [0x0000000081400000,0x000000008216b018,0x0000000085400000)
 Metaspace       used 32387K, capacity 33698K, committed 33968K, reserved 1079296K
  class space    used 4499K, capacity 4750K, committed 4784K, reserved 1048576K
GC Heap History (10 events):
Event: 1.582 GC heap before
{Heap before GC invocations=1 (full 0):
 PSYoungGen      total 38400K, used 33280K [0x00000000d5c00000, 0x00000000d8680000, 0x0000000100000000)
  eden space 33280K, 100% used [0x00000000d5c00000,0x00000000d7c80000,0x00000000d7c80000)
  from space 5120K, 0% used [0x00000000d8180000,0x00000000d8180000,0x00000000d8680000)
  to   space 5120K, 0% used [0x00000000d7c80000,0x00000000d7c80000,0x00000000d8180000)
 ParOldGen       total 87552K, used 0K [0x0000000081400000, 0x0000000086980000, 0x00000000d5c00000)
  object space 87552K, 0% used [0x0000000081400000,0x0000000081400000,0x0000000086980000)
 Metaspace       used 14672K, capacity 15160K, committed 15232K, reserved 1062912K
  class space    used 1998K, capacity 2152K, committed 2176K, reserved 1048576K
Event: 1.590 GC heap after
Heap after GC invocations=1 (full 0):
 PSYoungGen      total 38400K, used 5104K [0x00000000d5c00000, 0x00000000d8680000, 0x0000000100000000)
  eden space 33280K, 0% used [0x00000000d5c00000,0x00000000d5c00000,0x00000000d7c80000)
  from space 5120K, 99% used [0x00000000d7c80000,0x00000000d817c140,0x00000000d8180000)
  to   space 5120K, 0% used [0x00000000d8180000,0x00000000d8180000,0x00000000d8680000)
 ParOldGen       total 87552K, used 3344K [0x0000000081400000, 0x0000000086980000, 0x00000000d5c00000)
  object space 87552K, 3% used [0x0000000081400000,0x0000000081744220,0x0000000086980000)
 Metaspace       used 14672K, capacity 15160K, committed 15232K, reserved 1062912K
  class space    used 1998K, capacity 2152K, committed 2176K, reserved 1048576K
}
Event: 5.823 GC heap before
{Heap before GC invocations=2 (full 0):
 PSYoungGen      total 38400K, used 38384K [0x00000000d5c00000, 0x00000000d8680000, 0x0000000100000000)
  eden space 33280K, 100% used [0x00000000d5c00000,0x00000000d7c80000,0x00000000d7c80000)
  from space 5120K, 99% used [0x00000000d7c80000,0x00000000d817c140,0x00000000d8180000)
  to   space 5120K, 0% used [0x00000000d8180000,0x00000000d8180000,0x00000000d8680000)
 ParOldGen       total 87552K, used 3344K [0x0000000081400000, 0x0000000086980000, 0x00000000d5c00000)
  object space 87552K, 3% used [0x0000000081400000,0x0000000081744220,0x0000000086980000)
 Metaspace       used 17885K, capacity 18602K, committed 18944K, reserved 1064960K
  class space    used 2520K, capacity 2694K, committed 2816K, reserved 1048576K
Event: 5.833 GC heap after
Heap after GC invocations=2 (full 0):
 PSYoungGen      total 38400K, used 5110K [0x00000000d5c00000, 0x00000000d8680000, 0x0000000100000000)
  eden space 33280K, 0% used [0x00000000d5c00000,0x00000000d5c00000,0x00000000d7c80000)
  from space 5120K, 99% used [0x00000000d8180000,0x00000000d867d800,0x00000000d8680000)
  to   space 5120K, 0% used [0x00000000d7c80000,0x00000000d7c80000,0x00000000d8180000)
 ParOldGen       total 87552K, used 11749K [0x0000000081400000, 0x0000000086980000, 0x00000000d5c00000)
  object space 87552K, 13% used [0x0000000081400000,0x0000000081f797f8,0x0000000086980000)
 Metaspace       used 17885K, capacity 18602K, committed 18944K, reserved 1064960K
  class space    used 2520K, capacity 2694K, committed 2816K, reserved 1048576K
}
Event: 5.998 GC heap before
{Heap before GC invocations=3 (full 0):
 PSYoungGen      total 38400K, used 12328K [0x00000000d5c00000, 0x00000000d8680000, 0x0000000100000000)
  eden space 33280K, 21% used [0x00000000d5c00000,0x00000000d630cbc8,0x00000000d7c80000)
  from space 5120K, 99% used [0x00000000d8180000,0x00000000d867d800,0x00000000d8680000)
  to   space 5120K, 0% used [0x00000000d7c80000,0x00000000d7c80000,0x00000000d8180000)
 ParOldGen       total 87552K, used 11749K [0x0000000081400000, 0x0000000086980000, 0x00000000d5c00000)
  object space 87552K, 13% used [0x0000000081400000,0x0000000081f797f8,0x0000000086980000)
 Metaspace       used 20528K, capacity 21226K, committed 21296K, reserved 1067008K
  class space    used 2896K, capacity 3078K, committed 3120K, reserved 1048576K
Event: 6.004 GC heap after
Heap after GC invocations=3 (full 0):
 PSYoungGen      total 38400K, used 5110K [0x00000000d5c00000, 0x00000000da700000, 0x0000000100000000)
  eden space 33280K, 0% used [0x00000000d5c00000,0x00000000d5c00000,0x00000000d7c80000)
  from space 5120K, 99% used [0x00000000d7c80000,0x00000000d817d800,0x00000000d8180000)
  to   space 5120K, 0% used [0x00000000da200000,0x00000000da200000,0x00000000da700000)
 ParOldGen       total 87552K, used 13385K [0x0000000081400000, 0x0000000086980000, 0x00000000d5c00000)
  object space 87552K, 15% used [0x0000000081400000,0x0000000082112710,0x0000000086980000)
 Metaspace       used 20528K, capacity 21226K, committed 21296K, reserved 1067008K
  class space    used 2896K, capacity 3078K, committed 3120K, reserved 1048576K
}
Event: 6.004 GC heap before
{Heap before GC invocations=4 (full 1):
 PSYoungGen      total 38400K, used 5110K [0x00000000d5c00000, 0x00000000da700000, 0x0000000100000000)
  eden space 33280K, 0% used [0x00000000d5c00000,0x00000000d5c00000,0x00000000d7c80000)
  from space 5120K, 99% used [0x00000000d7c80000,0x00000000d817d800,0x00000000d8180000)
  to   space 5120K, 0% used [0x00000000da200000,0x00000000da200000,0x00000000da700000)
 ParOldGen       total 87552K, used 13385K [0x0000000081400000, 0x0000000086980000, 0x00000000d5c00000)
  object space 87552K, 15% used [0x0000000081400000,0x0000000082112710,0x0000000086980000)
 Metaspace       used 20528K, capacity 21226K, committed 21296K, reserved 1067008K
  class space    used 2896K, capacity 3078K, committed 3120K, reserved 1048576K
Event: 6.038 GC heap after
Heap after GC invocations=4 (full 1):
 PSYoungGen      total 38400K, used 0K [0x00000000d5c00000, 0x00000000da700000, 0x0000000100000000)
  eden space 33280K, 0% used [0x00000000d5c00000,0x00000000d5c00000,0x00000000d7c80000)
  from space 5120K, 0% used [0x00000000d7c80000,0x00000000d7c80000,0x00000000d8180000)
  to   space 5120K, 0% used [0x00000000da200000,0x00000000da200000,0x00000000da700000)
 ParOldGen       total 65536K, used 12077K [0x0000000081400000, 0x0000000085400000, 0x00000000d5c00000)
  object space 65536K, 18% used [0x0000000081400000,0x0000000081fcb498,0x0000000085400000)
 Metaspace       used 20528K, capacity 21226K, committed 21296K, reserved 1067008K
  class space    used 2896K, capacity 3078K, committed 3120K, reserved 1048576K
}
Event: 6.859 GC heap before
{Heap before GC invocations=5 (full 1):
 PSYoungGen      total 38400K, used 33280K [0x00000000d5c00000, 0x00000000da700000, 0x0000000100000000)
  eden space 33280K, 100% used [0x00000000d5c00000,0x00000000d7c80000,0x00000000d7c80000)
  from space 5120K, 0% used [0x00000000d7c80000,0x00000000d7c80000,0x00000000d8180000)
  to   space 5120K, 0% used [0x00000000da200000,0x00000000da200000,0x00000000da700000)
 ParOldGen       total 65536K, used 12077K [0x0000000081400000, 0x0000000085400000, 0x00000000d5c00000)
  object space 65536K, 18% used [0x0000000081400000,0x0000000081fcb498,0x0000000085400000)
 Metaspace       used 27703K, capacity 28464K, committed 28592K, reserved 1073152K
  class space    used 3790K, capacity 3975K, committed 4016K, reserved 1048576K
Event: 6.867 GC heap after
Heap after GC invocations=5 (full 1):
 PSYoungGen      total 61440K, used 5098K [0x00000000d5c00000, 0x00000000da700000, 0x0000000100000000)
  eden space 56320K, 0% used [0x00000000d5c00000,0x00000000d5c00000,0x00000000d9300000)
  from space 5120K, 99% used [0x00000000da200000,0x00000000da6fa810,0x00000000da700000)
  to   space 5120K, 0% used [0x00000000d9d00000,0x00000000d9d00000,0x00000000da200000)
 ParOldGen       total 65536K, used 13740K [0x0000000081400000, 0x0000000085400000, 0x00000000d5c00000)
  object space 65536K, 20% used [0x0000000081400000,0x000000008216b018,0x0000000085400000)
 Metaspace       used 27703K, capacity 28464K, committed 28592K, reserved 1073152K
  class space    used 3790K, capacity 3975K, committed 4016K, reserved 1048576K
}

