# JRE version: Java(TM) SE Runtime Environment (8.0_192-b12) (build 1.8.0_192-b12)
# Java VM: Java HotSpot(TM) 64-Bit Server VM (25.192-b12 mixed mode windows-amd64 compressed oops)
Heap:
 PSYoungGen      total 38400K, used 29462K [0x00000000d5c00000, 0x00000000da080000, 0x0000000100000000)
  eden space 33280K, 73% used [0x00000000d5c00000,0x00000000d73c79a0,0x00000000d7c80000)
  from space 5120K, 99% used [0x00000000d8180000,0x00000000d867e250,0x00000000d8680000)
  to   space 5120K, 0% used [0x00000000d7c80000,0x00000000d7c80000,0x00000000d8180000)
 ParOldGen       total 60928K, used 12790K [0x0000000081400000, 0x0000000084f80000, 0x00000000d5c00000)
  object space 60928K, 20% used [0x0000000081400000,0x000000008207db28,0x0000000084f80000)
 Metaspace       used 31788K, capacity 33108K, committed 33408K, reserved 1077248K
  class space    used 4412K, capacity 4679K, committed 4736K, reserved 1048576K
GC Heap History (10 events):
Event: 1.817 GC heap before
{Heap before GC invocations=1 (full 0):
 PSYoungGen      total 38400K, used 33280K [0x00000000d5c00000, 0x00000000d8680000, 0x0000000100000000)
  eden space 33280K, 100% used [0x00000000d5c00000,0x00000000d7c80000,0x00000000d7c80000)
  from space 5120K, 0% used [0x00000000d8180000,0x00000000d8180000,0x00000000d8680000)
  to   space 5120K, 0% used [0x00000000d7c80000,0x00000000d7c80000,0x00000000d8180000)
 ParOldGen       total 87552K, used 0K [0x0000000081400000, 0x0000000086980000, 0x00000000d5c00000)
  object space 87552K, 0% used [0x0000000081400000,0x0000000081400000,0x0000000086980000)
 Metaspace       used 14492K, capacity 14974K, committed 15232K, reserved 1062912K
  class space    used 1971K, capacity 2109K, committed 2176K, reserved 1048576K
Event: 1.826 GC heap after
Heap after GC invocations=1 (full 0):
 PSYoungGen      total 38400K, used 5098K [0x00000000d5c00000, 0x00000000d8680000, 0x0000000100000000)
  eden space 33280K, 0% used [0x00000000d5c00000,0x00000000d5c00000,0x00000000d7c80000)
  from space 5120K, 99% used [0x00000000d7c80000,0x00000000d817aa70,0x00000000d8180000)
  to   space 5120K, 0% used [0x00000000d8180000,0x00000000d8180000,0x00000000d8680000)
 ParOldGen       total 87552K, used 3310K [0x0000000081400000, 0x0000000086980000, 0x00000000d5c00000)
  object space 87552K, 3% used [0x0000000081400000,0x000000008173b8f8,0x0000000086980000)
 Metaspace       used 14492K, capacity 14974K, committed 15232K, reserved 1062912K
  class space    used 1971K, capacity 2109K, committed 2176K, reserved 1048576K
}
Event: 12.815 GC heap before
{Heap before GC invocations=2 (full 0):
 PSYoungGen      total 38400K, used 38378K [0x00000000d5c00000, 0x00000000d8680000, 0x0000000100000000)
  eden space 33280K, 100% used [0x00000000d5c00000,0x00000000d7c80000,0x00000000d7c80000)
  from space 5120K, 99% used [0x00000000d7c80000,0x00000000d817aa70,0x00000000d8180000)
  to   space 5120K, 0% used [0x00000000d8180000,0x00000000d8180000,0x00000000d8680000)
 ParOldGen       total 87552K, used 3310K [0x0000000081400000, 0x0000000086980000, 0x00000000d5c00000)
  object space 87552K, 3% used [0x0000000081400000,0x000000008173b8f8,0x0000000086980000)
 Metaspace       used 17877K, capacity 18638K, committed 18816K, reserved 1064960K
  class space    used 2475K, capacity 2662K, committed 2688K, reserved 1048576K
Event: 12.821 GC heap after
Heap after GC invocations=2 (full 0):
 PSYoungGen      total 38400K, used 5101K [0x00000000d5c00000, 0x00000000d8680000, 0x0000000100000000)
  eden space 33280K, 0% used [0x00000000d5c00000,0x00000000d5c00000,0x00000000d7c80000)
  from space 5120K, 99% used [0x00000000d8180000,0x00000000d867b760,0x00000000d8680000)
  to   space 5120K, 0% used [0x00000000d7c80000,0x00000000d7c80000,0x00000000d8180000)
 ParOldGen       total 87552K, used 11560K [0x0000000081400000, 0x0000000086980000, 0x00000000d5c00000)
  object space 87552K, 13% used [0x0000000081400000,0x0000000081f4a378,0x0000000086980000)
 Metaspace       used 17877K, capacity 18638K, committed 18816K, reserved 1064960K
  class space    used 2475K, capacity 2662K, committed 2688K, reserved 1048576K
}
Event: 12.945 GC heap before
{Heap before GC invocations=3 (full 0):
 PSYoungGen      total 38400K, used 14005K [0x00000000d5c00000, 0x00000000d8680000, 0x0000000100000000)
  eden space 33280K, 26% used [0x00000000d5c00000,0x00000000d64b1f00,0x00000000d7c80000)
  from space 5120K, 99% used [0x00000000d8180000,0x00000000d867b760,0x00000000d8680000)
  to   space 5120K, 0% used [0x00000000d7c80000,0x00000000d7c80000,0x00000000d8180000)
 ParOldGen       total 87552K, used 11560K [0x0000000081400000, 0x0000000086980000, 0x00000000d5c00000)
  object space 87552K, 13% used [0x0000000081400000,0x0000000081f4a378,0x0000000086980000)
 Metaspace       used 20490K, capacity 21198K, committed 21248K, reserved 1067008K
  class space    used 2866K, capacity 3046K, committed 3072K, reserved 1048576K
Event: 12.949 GC heap after
Heap after GC invocations=3 (full 0):
 PSYoungGen      total 38400K, used 5101K [0x00000000d5c00000, 0x00000000d8680000, 0x0000000100000000)
  eden space 33280K, 0% used [0x00000000d5c00000,0x00000000d5c00000,0x00000000d7c80000)
  from space 5120K, 99% used [0x00000000d7c80000,0x00000000d817b760,0x00000000d8180000)
  to   space 5120K, 0% used [0x00000000d8180000,0x00000000d8180000,0x00000000d8680000)
 ParOldGen       total 87552K, used 13384K [0x0000000081400000, 0x0000000086980000, 0x00000000d5c00000)
  object space 87552K, 15% used [0x0000000081400000,0x00000000821122a0,0x0000000086980000)
 Metaspace       used 20490K, capacity 21198K, committed 21248K, reserved 1067008K
  class space    used 2866K, capacity 3046K, committed 3072K, reserved 1048576K
}
Event: 12.949 GC heap before
{Heap before GC invocations=4 (full 1):
 PSYoungGen      total 38400K, used 5101K [0x00000000d5c00000, 0x00000000d8680000, 0x0000000100000000)
  eden space 33280K, 0% used [0x00000000d5c00000,0x00000000d5c00000,0x00000000d7c80000)
  from space 5120K, 99% used [0x00000000d7c80000,0x00000000d817b760,0x00000000d8180000)
  to   space 5120K, 0% used [0x00000000d8180000,0x00000000d8180000,0x00000000d8680000)
 ParOldGen       total 87552K, used 13384K [0x0000000081400000, 0x0000000086980000, 0x00000000d5c00000)
  object space 87552K, 15% used [0x0000000081400000,0x00000000821122a0,0x0000000086980000)
 Metaspace       used 20490K, capacity 21198K, committed 21248K, reserved 1067008K
  class space    used 2866K, capacity 3046K, committed 3072K, reserved 1048576K
Event: 12.981 GC heap after
Heap after GC invocations=4 (full 1):
 PSYoungGen      total 38400K, used 0K [0x00000000d5c00000, 0x00000000d8680000, 0x0000000100000000)
  eden space 33280K, 0% used [0x00000000d5c00000,0x00000000d5c00000,0x00000000d7c80000)
  from space 5120K, 0% used [0x00000000d7c80000,0x00000000d7c80000,0x00000000d8180000)
  to   space 5120K, 0% used [0x00000000d8180000,0x00000000d8180000,0x00000000d8680000)
 ParOldGen       total 60928K, used 11838K [0x0000000081400000, 0x0000000084f80000, 0x00000000d5c00000)
  object space 60928K, 19% used [0x0000000081400000,0x0000000081f8fb40,0x0000000084f80000)
 Metaspace       used 20490K, capacity 21198K, committed 21248K, reserved 1067008K
  class space    used 2866K, capacity 3046K, committed 3072K, reserved 1048576K
}
Event: 13.539 GC heap before
{Heap before GC invocations=5 (full 1):
 PSYoungGen      total 38400K, used 33280K [0x00000000d5c00000, 0x00000000d8680000, 0x0000000100000000)
  eden space 33280K, 100% used [0x00000000d5c00000,0x00000000d7c80000,0x00000000d7c80000)
  from space 5120K, 0% used [0x00000000d7c80000,0x00000000d7c80000,0x00000000d8180000)
  to   space 5120K, 0% used [0x00000000d8180000,0x00000000d8180000,0x00000000d8680000)
 ParOldGen       total 60928K, used 11838K [0x0000000081400000, 0x0000000084f80000, 0x00000000d5c00000)
  object space 60928K, 19% used [0x0000000081400000,0x0000000081f8fb40,0x0000000084f80000)
 Metaspace       used 27131K, capacity 27862K, committed 28032K, reserved 1073152K
  class space    used 3690K, capacity 3880K, committed 3968K, reserved 1048576K
Event: 13.542 GC heap after
Heap after GC invocations=5 (full 1):
 PSYoungGen      total 38400K, used 5112K [0x00000000d5c00000, 0x00000000da080000, 0x0000000100000000)
  eden space 33280K, 0% used [0x00000000d5c00000,0x00000000d5c00000,0x00000000d7c80000)
  from space 5120K, 99% used [0x00000000d8180000,0x00000000d867e250,0x00000000d8680000)
  to   space 5120K, 0% used [0x00000000d7c80000,0x00000000d7c80000,0x00000000d8180000)
 ParOldGen       total 60928K, used 12790K [0x0000000081400000, 0x0000000084f80000, 0x00000000d5c00000)
  object space 60928K, 20% used [0x0000000081400000,0x000000008207db28,0x0000000084f80000)
 Metaspace       used 27131K, capacity 27862K, committed 28032K, reserved 1073152K
  class space    used 3690K, capacity 3880K, committed 3968K, reserved 1048576K
}

